20:53:43.702 [main] INFO  testCases.TC_001_AccountRegestration - *** TC_001_AccountRegestration Started ***
20:53:46.103 [main] INFO  testCases.TC_001_AccountRegestration - *** TC_001_AccountRegestration Completed ***
05:57:49.303 [TestNG-tests-1] INFO  testCases.TC_001_AccountRegestration - *** TC_001_AccountRegestration Started ***
05:57:52.490 [TestNG-tests-1] INFO  testCases.TC_001_AccountRegestration - *** TC_001_AccountRegestration Completed ***
05:58:27.284 [TestNG-tests-2] INFO  testCases.TC_001_AccountRegestration - *** TC_001_AccountRegestration Started ***
06:16:28.655 [TestNG-tests-1] INFO  testCases.TC_001_AccountRegestration - *** TC_001_AccountRegestration Started ***
06:16:33.089 [TestNG-tests-1] INFO  testCases.TC_001_AccountRegestration - *** TC_001_AccountRegestration Completed ***
06:16:33.440 [TestNG-tests-2] INFO  testCases.TC_001_AccountRegestration - *** TC_001_AccountRegestration Started ***
06:21:09.233 [main] INFO  testCases.TC_001_AccountRegestration - *** TC_001_AccountRegestration Started ***
09:38:04.951 [TestNG-tests-2] INFO  testCases.TC_001_AccountRegestration - *** TC_001_AccountRegestration Started ***
09:38:05.447 [TestNG-tests-1] INFO  testCases.TC_001_AccountRegestration - *** TC_001_AccountRegestration Started ***
09:38:07.791 [TestNG-tests-2] INFO  testCases.TC_001_AccountRegestration - *** TC_001_AccountRegestration Completed ***
17:40:51.710 [main] INFO  testCases.TC_001_AccountRegestration - *** TC_001_AccountRegestration Started ***
17:40:54.013 [main] INFO  testCases.TC_001_AccountRegestration - *** TC_001_AccountRegestration Completed ***
17:42:23.189 [TestNG-tests-2] INFO  testCases.TC_001_AccountRegestration - *** TC_001_AccountRegestration Started ***
17:42:23.197 [TestNG-tests-1] INFO  testCases.TC_001_AccountRegestration - *** TC_001_AccountRegestration Started ***
17:42:23.982 [TestNG-tests-1] ERROR testCases.TC_001_AccountRegestration - test failed
17:42:24.406 [TestNG-tests-2] ERROR testCases.TC_001_AccountRegestration - test failed
17:43:52.964 [TestNG-tests-1] INFO  testCases.TC_001_AccountRegestration - *** TC_001_AccountRegestration Started ***
17:43:54.662 [TestNG-tests-2] INFO  testCases.TC_001_AccountRegestration - *** TC_001_AccountRegestration Started ***
17:44:03.080 [TestNG-tests-1] ERROR testCases.TC_001_AccountRegestration - test failed
17:44:29.419 [TestNG-tests-2] INFO  testCases.TC_001_AccountRegestration - *** TC_001_AccountRegestration Started ***
17:44:29.419 [TestNG-tests-1] INFO  testCases.TC_001_AccountRegestration - *** TC_001_AccountRegestration Started ***
17:44:30.247 [TestNG-tests-1] ERROR testCases.TC_001_AccountRegestration - test failed
17:44:30.799 [TestNG-tests-2] ERROR testCases.TC_001_AccountRegestration - test failed
15:55:53.611 [TestNG-tests-1] INFO  testCases.TC_001_AccountRegestration - *** TC_001_AccountRegestration Started ***
15:55:53.611 [TestNG-tests-2] INFO  testCases.TC_001_AccountRegestration - *** TC_001_AccountRegestration Started ***
15:55:55.255 [TestNG-tests-2] ERROR testCases.TC_001_AccountRegestration - test failed
15:55:55.730 [TestNG-tests-1] ERROR testCases.TC_001_AccountRegestration - test failed
15:59:10.594 [TestNG-tests-1] INFO  testCases.TC_001_AccountRegestration - *** TC_001_AccountRegestration Started ***
15:59:10.594 [TestNG-tests-2] INFO  testCases.TC_001_AccountRegestration - *** TC_001_AccountRegestration Started ***
15:59:12.259 [TestNG-tests-1] ERROR testCases.TC_001_AccountRegestration - test failed
15:59:12.683 [TestNG-tests-2] ERROR testCases.TC_001_AccountRegestration - test failed
16:01:49.293 [TestNG-tests-2] INFO  testCases.TC_001_AccountRegestration - *** TC_001_AccountRegestration Started ***
16:01:49.293 [TestNG-tests-1] INFO  testCases.TC_001_AccountRegestration - *** TC_001_AccountRegestration Started ***
16:01:50.196 [TestNG-tests-2] ERROR testCases.TC_001_AccountRegestration - test failed
16:01:50.607 [TestNG-tests-1] ERROR testCases.TC_001_AccountRegestration - test failed
16:04:17.836 [main] INFO  testCases.TC_001_AccountRegestration - *** TC_001_AccountRegestration Started ***
16:04:20.041 [main] INFO  testCases.TC_001_AccountRegestration - *** TC_001_AccountRegestration Completed ***
16:18:59.381 [TestNG-tests-2] INFO  testCases.TC_001_AccountRegestration - *** TC_001_AccountRegestration Started ***
16:18:59.381 [TestNG-tests-1] INFO  testCases.TC_001_AccountRegestration - *** TC_001_AccountRegestration Started ***
16:19:00.245 [TestNG-tests-1] ERROR testCases.TC_001_AccountRegestration - test failed
16:19:00.568 [TestNG-tests-2] ERROR testCases.TC_001_AccountRegestration - test failed
16:22:30.783 [main] INFO  testCases.TC_002_LoginTest - ****TC_002_LoginTest Started****
08:54:39.436 [main] INFO  testCases.TC_003_LoginDDT - ****TC_002_LoginTest Started****
08:54:52.400 [main] INFO  testCases.TC_003_LoginDDT - ****TC_002_LoginTest Started****
08:55:03.799 [main] INFO  testCases.TC_003_LoginDDT - ****Finished TC_003_LoginDDT****
08:55:03.804 [main] INFO  testCases.TC_003_LoginDDT - ****TC_002_LoginTest Started****
08:55:14.897 [main] INFO  testCases.TC_003_LoginDDT - ****Finished TC_003_LoginDDT****
08:55:14.903 [main] INFO  testCases.TC_003_LoginDDT - ****TC_002_LoginTest Started****
19:04:49.037 [main] INFO  testCases.TC_002_LoginTest - ****TC_002_LoginTest Started****
19:05:33.050 [main] INFO  testCases.TC_002_LoginTest - ****TC_002_LoginTest Started****
11:41:58.197 [main] INFO  testCases.TC_003_LoginDDT - ****TC_002_LoginTest Started****
11:42:10.079 [main] INFO  testCases.TC_003_LoginDDT - ****TC_002_LoginTest Started****
11:42:21.780 [main] INFO  testCases.TC_003_LoginDDT - ****Finished TC_003_LoginDDT****
11:42:21.786 [main] INFO  testCases.TC_003_LoginDDT - ****TC_002_LoginTest Started****
11:42:33.299 [main] INFO  testCases.TC_003_LoginDDT - ****Finished TC_003_LoginDDT****
11:42:33.307 [main] INFO  testCases.TC_003_LoginDDT - ****TC_002_LoginTest Started****
11:52:36.768 [main] INFO  testCases.TC_003_LoginDDT - ****TC_002_LoginTest Started****
